[2025-03-18 03:42:12.193659] --- FILE CREATED --- /home/strider/veeam-assignment/test-payloads/HxIjXwboHA/./file_KeVlE.txt --- 6e36ef9bfc909b42db471b5229f02f45
[2025-03-18 03:42:12.193922] --- FILE CREATED --- /home/strider/veeam-assignment/test-payloads/HxIjXwboHA/./file_QhSRg.txt --- c1a279f1fe8889dafe0fb9aa8a44d5d3
[2025-03-18 03:42:12.194147] --- FILE CREATED --- /home/strider/veeam-assignment/test-payloads/HxIjXwboHA/./file_SgwDN.txt --- 9b1d5cdbc07b85dc3dfb7b442a127137
[2025-03-18 03:42:12.194368] --- FILE CREATED --- /home/strider/veeam-assignment/test-payloads/HxIjXwboHA/./file_cbSbL.txt --- da26dd05791de872a4d579b47dc8dd95
[2025-03-18 03:42:12.194597] --- FILE CREATED --- /home/strider/veeam-assignment/test-payloads/HxIjXwboHA/./file_gjTsw.txt --- 5206b02a68eea2702693f158cc574aed
[2025-03-18 03:42:12.194805] --- FILE CREATED --- /home/strider/veeam-assignment/test-payloads/HxIjXwboHA/./file_roPyF.txt --- 559642617811a94e023954dc44d6c45d
[2025-03-18 03:42:12.195013] --- FILE CREATED --- /home/strider/veeam-assignment/test-payloads/HxIjXwboHA/./file_vWAhb.txt --- a8d420961705ef2f5d1b13795d4a9cbd
[2025-03-18 03:42:12.195243] --- FILE CREATED --- /home/strider/veeam-assignment/test-payloads/HxIjXwboHA/./file_zCkxH.txt --- 5f30cda064a9f68928a9de7f3b5fdac1
[2025-03-18 03:42:12.195461] --- FILE CREATED --- /home/strider/veeam-assignment/test-payloads/HxIjXwboHA/./file_zpUyw.txt --- 0d6906fb44e8af26e830ff84e1e9dd2c
[2025-03-18 03:42:12.195611] --- DIR CREATED  --- /home/strider/veeam-assignment/test-payloads/HxIjXwboHA/./dir_iNtiS
[2025-03-18 03:42:12.195737] --- FILE REMOVED --- /home/strider/veeam-assignment/test-payloads/HxIjXwboHA/./file_voChY.txt
[2025-03-18 03:42:12.195843] --- FILE REMOVED --- /home/strider/veeam-assignment/test-payloads/HxIjXwboHA/./file_NsVuH.txt
[2025-03-18 03:42:12.195936] --- FILE REMOVED --- /home/strider/veeam-assignment/test-payloads/HxIjXwboHA/./file_MtnDy.txt
[2025-03-18 03:42:12.196015] --- FILE REMOVED --- /home/strider/veeam-assignment/test-payloads/HxIjXwboHA/./file_SjOzc.txt
[2025-03-18 03:42:12.196094] --- FILE REMOVED --- /home/strider/veeam-assignment/test-payloads/HxIjXwboHA/./file_Fjwwg.txt
[2025-03-18 03:42:12.196169] --- DIR REMOVED  --- /home/strider/veeam-assignment/test-payloads/HxIjXwboHA/./dir_SeiEv
[2025-03-18 03:42:12.196444] --- FILE REMOVED --- /home/strider/veeam-assignment/test-payloads/HxIjXwboHA/./file_gZgBw.txt
[2025-03-18 03:42:12.196527] --- FILE REMOVED --- /home/strider/veeam-assignment/test-payloads/HxIjXwboHA/./file_lnwsO.txt
[2025-03-18 03:42:12.196625] --- FILE REMOVED --- /home/strider/veeam-assignment/test-payloads/HxIjXwboHA/./file_uaAsC.txt
[2025-03-18 03:42:12.196701] --- DIR REMOVED  --- /home/strider/veeam-assignment/test-payloads/HxIjXwboHA/./dir_YKkka
[2025-03-18 03:42:12.196843] --- FILE REMOVED --- /home/strider/veeam-assignment/test-payloads/HxIjXwboHA/./file_LeVSX.txt
[2025-03-18 03:42:12.196924] --- FILE REMOVED --- /home/strider/veeam-assignment/test-payloads/HxIjXwboHA/./file_TRkke.txt
[2025-03-18 03:42:12.197012] --- FILE REMOVED --- /home/strider/veeam-assignment/test-payloads/HxIjXwboHA/./file_NRopB.txt
[2025-03-18 03:42:12.197090] --- FILE REMOVED --- /home/strider/veeam-assignment/test-payloads/HxIjXwboHA/./file_HuUnQ.txt
[2025-03-18 03:42:12.197177] --- FILE REMOVED --- /home/strider/veeam-assignment/test-payloads/HxIjXwboHA/./file_sPxSY.txt
[2025-03-18 03:42:12.197261] --- FILE REMOVED --- /home/strider/veeam-assignment/test-payloads/HxIjXwboHA/./file_FwdCA.txt
[2025-03-18 03:42:12.197342] --- FILE REMOVED --- /home/strider/veeam-assignment/test-payloads/HxIjXwboHA/./file_ekXxb.txt
[2025-03-18 03:42:12.197409] --- DIR REMOVED  --- /home/strider/veeam-assignment/test-payloads/HxIjXwboHA/./dir_dHCyX
[2025-03-18 03:42:12.197745] --- FILE REMOVED --- /home/strider/veeam-assignment/test-payloads/HxIjXwboHA/./file_OFSeX.txt
[2025-03-18 03:42:12.197818] --- FILE REMOVED --- /home/strider/veeam-assignment/test-payloads/HxIjXwboHA/./file_elGRc.txt
[2025-03-18 03:42:12.197888] --- FILE REMOVED --- /home/strider/veeam-assignment/test-payloads/HxIjXwboHA/./file_COmVT.txt
[2025-03-18 03:42:12.197971] --- FILE REMOVED --- /home/strider/veeam-assignment/test-payloads/HxIjXwboHA/./file_ozwae.txt
[2025-03-18 03:42:12.198044] --- FILE REMOVED --- /home/strider/veeam-assignment/test-payloads/HxIjXwboHA/./file_sPlHz.txt
[2025-03-18 03:42:12.198107] --- DIR REMOVED  --- /home/strider/veeam-assignment/test-payloads/HxIjXwboHA/./dir_KzMmF
[2025-03-18 03:42:12.198325] --- DIR REMOVED  --- /home/strider/veeam-assignment/test-payloads/HxIjXwboHA/./dir_xfIZG
[2025-03-18 03:42:12.198446] --- FILE REMOVED --- /home/strider/veeam-assignment/test-payloads/HxIjXwboHA/./file_pRwPN.txt
[2025-03-18 03:42:12.198512] --- DIR REMOVED  --- /home/strider/veeam-assignment/test-payloads/HxIjXwboHA/./dir_DYXBU
